<?xml version="1.0" encoding="UTF-8"?>
<testsuite name="hstest.MinesweeperTest" tests="1" skipped="0" failures="0" errors="0" timestamp="2023-02-06T07:58:59" hostname="HOMEDESK" time="0.783">
  <properties/>
  <testcase name="start" classname="hstest.MinesweeperTest" time="0.783"/>
  <system-out><![CDATA[?[1;31m
Start test 1?[0m
.X.......
.....X..X
....X....
......X..
..X......
....X....
..X......
..X......
......X..
]]></system-out>
  <system-err><![CDATA[]]></system-err>
</testsuite>
